{'fatalError': False,
 'maxTotalPoints': 19,
 'messages': [],
 'mode': 'auto',
 'parts': [{'description': '',
            'extraCredit': False,
            'maxPoints': 0,
            'maxSeconds': 1,
            'messages': ["File 'writeup.pdf' does not exist"],
            'name': 'writeupValid',
            'points': 0,
            'seconds': 0},
           {'description': 'Basic test for succAndProbReward() that covers several edge cases.',
            'extraCredit': False,
            'maxPoints': 5,
            'maxSeconds': 1,
            'messages': [],
            'name': '3a',
            'points': 5,
            'seconds': 0},
           {'description': 'Test for peekingMDP().  Ensure that in at least 10% of states, the optimal policy is to peek.',
            'extraCredit': False,
            'maxPoints': 4,
            'maxSeconds': 1,
            'messages': [],
            'name': '3b',
            'points': 4,
            'seconds': 0},
           {'description': 'Basic test for incorporateFeedback() using NumberLineMDP.',
            'extraCredit': False,
            'maxPoints': 5,
            'maxSeconds': 10,
            'messages': [],
            'name': '4a',
            'points': 5,
            'seconds': 0},
           {'description': 'Basic test for blackjackFeatureExtractor.  Runs QLearningAlgorithm using blackjackFeatureExtractor, then checks to see that Q-values are correct.',
            'extraCredit': False,
            'maxPoints': 5,
            'maxSeconds': 10,
            'messages': [],
            'name': '4c',
            'points': 5,
            'seconds': 0}],
 'totalPoints': 19}
